<?xml version="1.0" encoding="UTF-8"?>
<!-- Generated by org.testng.reporters.JUnitXMLReporter -->
<testsuite hostname="DESKTOP-79F375V" ignored="0" name="Command line test" tests="2" failures="0" timestamp="26 Sep 2019 17:26:24 GMT" time="63.431" errors="0">
  <testcase name="automatedTestScript" time="19.973" classname="com.invia.qa.testcases.HomePageTest"/>
  <testcase name="selectHotelTest" time="18.426" classname="com.invia.qa.testcases.HomePageTest"/>
</testsuite> <!-- Command line test -->
