<?xml version="1.0" encoding="UTF-8"?>
<testng-results skipped="0" failed="0" ignored="0" total="1" passed="1">
  <reporter-output>
  </reporter-output>
  <suite name="Command line suite" duration-ms="59373" started-at="2019-09-26T03:44:51Z" finished-at="2019-09-26T03:45:51Z">
    <groups>
    </groups>
    <test name="Command line test" duration-ms="59373" started-at="2019-09-26T03:44:51Z" finished-at="2019-09-26T03:45:51Z">
      <class name="com.invia.qa.testcases.HomePageTest">
        <test-method status="PASS" signature="setUp()[pri:0, instance:com.invia.qa.testcases.HomePageTest@880ec60]" name="setUp" is-config="true" duration-ms="20580" started-at="2019-09-26T09:14:51Z" finished-at="2019-09-26T09:15:12Z">
          <reporter-output>
          </reporter-output>
        </test-method> <!-- setUp -->
        <test-method status="PASS" signature="runTestScript()[pri:1, instance:com.invia.qa.testcases.HomePageTest@880ec60]" name="runTestScript" duration-ms="37753" started-at="2019-09-26T09:15:12Z" finished-at="2019-09-26T09:15:50Z">
          <reporter-output>
          </reporter-output>
        </test-method> <!-- runTestScript -->
        <test-method status="PASS" signature="tearDown()[pri:0, instance:com.invia.qa.testcases.HomePageTest@880ec60]" name="tearDown" is-config="true" duration-ms="1002" started-at="2019-09-26T09:15:50Z" finished-at="2019-09-26T09:15:51Z">
          <reporter-output>
          </reporter-output>
        </test-method> <!-- tearDown -->
      </class> <!-- com.invia.qa.testcases.HomePageTest -->
    </test> <!-- Command line test -->
  </suite> <!-- Command line suite -->
</testng-results>
