<?xml version="1.0" encoding="UTF-8"?>
<!-- Generated by org.testng.reporters.JUnitXMLReporter -->
<testsuite hostname="DESKTOP-79F375V" ignored="0" name="Invia Automation Test Script" tests="2" failures="0" timestamp="26 Sep 2019 17:19:55 GMT" time="56.125" errors="0">
  <testcase name="runTestScript" time="21.971" classname="com.invia.qa.testcases.HomePageTest"/>
  <testcase name="selectHotelTest" time="11.455" classname="com.invia.qa.testcases.HomePageTest"/>
</testsuite> <!-- Invia Automation Test Script -->
