<?xml version="1.0" encoding="UTF-8"?>
<!-- Generated by org.testng.reporters.JUnitXMLReporter -->
<testsuite hostname="DESKTOP-79F375V" ignored="0" name="Invia sanity Test Cases" tests="2" failures="0" timestamp="26 Sep 2019 03:19:23 GMT" time="111.591" errors="0">
  <testcase name="runTestScript" time="41.549" classname="com.invia.qa.testcases.HomePageTest"/>
  <testcase name="selectHotelTest" time="28.79" classname="com.invia.qa.testcases.HomePageTest"/>
</testsuite> <!-- Invia sanity Test Cases -->
