<?xml version="1.0" encoding="UTF-8"?>
<testng-results skipped="0" failed="0" ignored="0" total="1" passed="1">
  <reporter-output>
  </reporter-output>
  <suite name="Invia Test Automation Test Suite" duration-ms="36390" started-at="2019-09-26T03:51:16Z" finished-at="2019-09-26T03:51:53Z">
    <groups>
    </groups>
    <test name="Invia Automation Test Script" duration-ms="36390" started-at="2019-09-26T03:51:16Z" finished-at="2019-09-26T03:51:53Z">
      <class name="com.invia.qa.testcases.HomePageTest">
        <test-method status="PASS" signature="setUp()[pri:0, instance:com.invia.qa.testcases.HomePageTest@7dc7cbad]" name="setUp" is-config="true" duration-ms="12287" started-at="2019-09-26T09:21:16Z" finished-at="2019-09-26T09:21:29Z">
          <reporter-output>
          </reporter-output>
        </test-method> <!-- setUp -->
        <test-method status="PASS" signature="runTestScript()[pri:1, instance:com.invia.qa.testcases.HomePageTest@7dc7cbad]" name="runTestScript" duration-ms="23059" started-at="2019-09-26T09:21:29Z" finished-at="2019-09-26T09:21:52Z">
          <reporter-output>
          </reporter-output>
        </test-method> <!-- runTestScript -->
        <test-method status="PASS" signature="tearDown()[pri:0, instance:com.invia.qa.testcases.HomePageTest@7dc7cbad]" name="tearDown" is-config="true" duration-ms="963" started-at="2019-09-26T09:21:52Z" finished-at="2019-09-26T09:21:53Z">
          <reporter-output>
          </reporter-output>
        </test-method> <!-- tearDown -->
      </class> <!-- com.invia.qa.testcases.HomePageTest -->
    </test> <!-- Invia Automation Test Script -->
  </suite> <!-- Invia Test Automation Test Suite -->
</testng-results>
