<?xml version="1.0" encoding="UTF-8"?>
<testng-results skipped="0" failed="0" ignored="0" total="2" passed="2">
  <reporter-output>
  </reporter-output>
  <suite name="Invia Test Automation Test Suite" duration-ms="56125" started-at="2019-09-26T17:18:59Z" finished-at="2019-09-26T17:19:55Z">
    <groups>
    </groups>
    <test name="Invia Automation Test Script" duration-ms="56125" started-at="2019-09-26T17:18:59Z" finished-at="2019-09-26T17:19:55Z">
      <class name="com.invia.qa.testcases.HomePageTest">
        <test-method status="PASS" signature="setUp()[pri:0, instance:com.invia.qa.testcases.HomePageTest@1b604f19]" name="setUp" is-config="true" duration-ms="11300" started-at="2019-09-26T22:48:59Z" finished-at="2019-09-26T22:49:10Z">
          <reporter-output>
          </reporter-output>
        </test-method> <!-- setUp -->
        <test-method status="PASS" signature="runTestScript()[pri:1, instance:com.invia.qa.testcases.HomePageTest@1b604f19]" name="runTestScript" duration-ms="21971" started-at="2019-09-26T22:49:10Z" finished-at="2019-09-26T22:49:32Z">
          <reporter-output>
          </reporter-output>
        </test-method> <!-- runTestScript -->
        <test-method status="PASS" signature="tearDown()[pri:0, instance:com.invia.qa.testcases.HomePageTest@1b604f19]" name="tearDown" is-config="true" duration-ms="762" started-at="2019-09-26T22:49:32Z" finished-at="2019-09-26T22:49:33Z">
          <reporter-output>
          </reporter-output>
        </test-method> <!-- tearDown -->
        <test-method status="PASS" signature="setUp()[pri:0, instance:com.invia.qa.testcases.HomePageTest@1b604f19]" name="setUp" is-config="true" duration-ms="9859" started-at="2019-09-26T22:49:33Z" finished-at="2019-09-26T22:49:42Z">
          <reporter-output>
          </reporter-output>
        </test-method> <!-- setUp -->
        <test-method status="PASS" signature="selectHotelTest()[pri:2, instance:com.invia.qa.testcases.HomePageTest@1b604f19]" name="selectHotelTest" duration-ms="11455" started-at="2019-09-26T22:49:42Z" finished-at="2019-09-26T22:49:54Z">
          <reporter-output>
          </reporter-output>
        </test-method> <!-- selectHotelTest -->
        <test-method status="PASS" signature="tearDown()[pri:0, instance:com.invia.qa.testcases.HomePageTest@1b604f19]" name="tearDown" is-config="true" duration-ms="725" started-at="2019-09-26T22:49:54Z" finished-at="2019-09-26T22:49:55Z">
          <reporter-output>
          </reporter-output>
        </test-method> <!-- tearDown -->
      </class> <!-- com.invia.qa.testcases.HomePageTest -->
    </test> <!-- Invia Automation Test Script -->
  </suite> <!-- Invia Test Automation Test Suite -->
</testng-results>
